bookmarks.gvdb
    bookmarks
        https://boards.straightdope.com/sdmb/showthread.php?p=21520982#post21520982
            (int64 1576982234116844, 'spielberg argues streaming services are not cinema - Page 2 - Straight Dope Message Board', '08i2Q8PTkexh', int64 0, false, @as [])
        https://web.archive.org/
            (int64 1572768380240025, 'Wayback Machine', 'EbWYGmjSBN8s', int64 0, false, @as [])
        https://web.archive.org/web/20050109093224/https://www.janisian.com/article-internet_debacle.html
            (int64 1576977395566047, 'Janis Ian Articles', 'wA9bhWpfP71l', int64 0, false, ['art', 'culture'])
        https://www.snopes.com/fact-check/starbucks-fire-merry-christmas/
            (int64 1576972583230914, "Did a Starbucks Manager Threaten to Fire Employees Who Say 'Merry Christmas'?", '3Z-XgxFpZVW7', int64 0, false, @as [])
        http://www.os2museum.com/wp/os2-history/os2-1-0/
            (int64 1576972155312817, 'OS/2 1.0 | OS/2 Museum', 'zgEsq98txLug', int64 0, false, @as [])
        https://darksky.net/forecast/46.8949,-114.035/us12/en
            (int64 1572111865014088, 'Dark Sky - Great Northern Ave, Missoula, MT', 'G63qzuQ3Pa1V', int64 0, false, ['forecast', 'local', 'missoula', 'montana', 'weather'])
        https://news.ycombinator.com/item?id=15464702
            (int64 1576972110120204, 'Finish your stuff | Hacker News', '7YGMlafUHefm', int64 0, false, @as [])
        https://owa2010.edulog.com/owa/auth/logon.aspx?url=https://owa2010.edulog.com/owa/&reason=0
            (int64 1572112105418294, 'Outlook Web App', 'crvcb0mDRzrO', int64 0, false, ['email', 'work'])
        https://news.ycombinator.com/item?id=19336724
            (int64 1576972113775621, 'Quotes from 1992 | Hacker News', 'OsEG7cJkGbTC', int64 0, false, @as [])
        https://house.fandom.com/wiki/Black_Hole
            (int64 1576978464136738, 'Black Hole | House Wiki | Fandom', '8MvZWD7UzlDA', int64 0, false, @as [])
        https://lwn.net/Articles/451403/
            (int64 1576972104518371, 'VLC and unwelcome redistributors [LWN.net]', 'cYshHBQsRMcH', int64 0, false, @as [])
        https://app.getpocket.com/
            (int64 1576989962929957, 'Pocket', 'itjEEzhvIEbg', int64 0, false, @as [])
        https://hackaday.com/2018/07/20/the-c-h-i-p-returns-maybe/
            (int64 1576985804183885, 'The C.H.I.P Returns, Maybe | Hackaday', '9sPIDWVK1a--', int64 0, false, @as [])
        http://issendai.com/wp/psychology/am-i-being-detained-sovereign-citizens-and-the-battle-against-reality/
            (int64 1576996943952896, '“Am I Being Detained?”: Sovereign Citizens and the Battle Against Reality – Randompedia', 'Qu3Kxt2XbTcZ', int64 0, false, @as [])
        https://archive.is/
            (int64 1572768364904976, 'Webpage archive', 'kQMLzD3hiKUs', int64 0, false, @as [])
        https://old.reddit.com/r/politics/comments/dqmivf/leaked_audio_of_payday_loan_executive_bragging/
            (int64 1576972081777113, "Leaked Audio of Payday Loan Executive Bragging About White House Access Reveals 'Quid Pro Quo' Top Trump Donors Enjoy : politics", 'seKZ5YVlISzT', int64 0, false, @as [])
        http://www.woodpecker.com/writing/essays/royalty-politics.html
            (int64 1576978741625909, 'Woodpecker.com web page', '9yimCNqKZpwf', int64 0, false, @as [])
        https://www.filfre.net/2012/04/castle-wolfenstein/
            (int64 1576972158352894, '» Castle Wolfenstein The Digital Antiquarian', 'iBuJ4jAXXdJb', int64 0, false, @as [])
        file:///home/christopher/foodir2/bkup/sdc1/home/me/homesteading/ar01s02.html
            (int64 1576972168022453, 'The Varieties of Hacker Ideology', 'LUHU3LvKvS3r', int64 0, false, @as [])
        https://mail.google.com/mail/u/0/#inbox
            (int64 1572111578647520, 'Inbox (49,021) - chbarts@gmail.com - Gmail', 'zYyogbqQ4EWO', int64 0, false, @as [])
        https://www.prnewswire.com/news-releases/next-thing-co-admits-to-lying-about-9-computer-300184512.html
            (int64 1576985605660274, 'Next Thing Co. Admits To Lying About $9 Computer', 'obSK7TnEXJ1u', int64 0, false, @as [])
        https://news.ycombinator.com/item?id=19161259
            (int64 1576972107534287, 'Build your own old-school 3D shooter in a weekend | Hacker News', 'UVBO8dkn-bMl', int64 0, false, @as [])
        http://trail1033.com/
            (int64 1572765364706705, 'Trail 1033 – Missoula’s Quality Rock Radio', 'umN1uxVt7ezX', int64 0, false, ['art', 'culture', 'local', 'missoula', 'montana', 'radio'])
        https://metv.com/schedule
            (int64 1576973978290897, "What's On MeTV?", 'EjweMOWNMvdl', int64 0, false, ['culture', 'local', 'missoula', 'montana', 'television'])
        https://www.snopes.com/ap/2019/12/21/the-jim-crow-disney-film-that-just-wont-die-song-of-the-south/
            (int64 1576972357756337, 'The Jim Crow Disney Film That Just Won’t Die, “Song of the South”', 'FeqZE5_MJORy', int64 0, false, @as [])
        http://www.ultimate.com/phil/xy/
            (int64 1576978762393101, 'XY Display Simulator', 'uycTPlvW-o0G', int64 0, false, @as [])
        http://www.housemd-guide.com/season6/616blackhole.php
            (int64 1576978506653331, 'House MD Episodes: Season 6 #616 "Black Hole"', '2p_TmhSUERHf', int64 0, false, @as [])
        https://archive.arstechnica.com/cpu/4q99/majc/majc-1.html
            (int64 1576972143001026, "Ars Technica: Sun's MAJC and Intels's IA-64 - Page 1 - (11/1999)", 'JlsX4kFzF2Gv', int64 0, false, @as [])
        https://news.ycombinator.com/item?id=6457525
            (int64 1576972121587341, 'New UNIX implementation (1983) | Hacker News', 'anPNpYszSFNz', int64 0, false, @as [])
        https://en.wikipedia.org/wiki/The_Golden_Bough
            (int64 1576975587729554, 'The Golden Bough - Wikipedia', 'MJ69-pHjdaT4', int64 0, false, ['art', 'culture'])
        https://www.filfre.net/2012/04/this-game-is-over/
            (int64 1576972161390680, '» This Game Is Over The Digital Antiquarian', 'PlS68sTHvWob', int64 0, false, @as [])
        https://old.reddit.com/r/politics/comments/dqthmo/former_trump_va_secretary_says_staffer_found/
            (int64 1576972092370887, 'Former Trump VA secretary says staffer found plans to replace him in department copier : politics', 'Fj_NJGfRXxZc', int64 0, false, @as [])
        https://www.snopes.com/news/2019/12/20/facebook-removes-the-bl-pages/
            (int64 1576972360364186, "Facebook Removes Deceptive BL Network Following Snopes' Reporting", 'Od3Vtg8fzvdt', int64 0, false, @as [])
        http://rpi4:8080/
            (int64 1576979001635589, 'AWX', 'dtCzsyOC_7rx', int64 0, false, @as [])
        https://blog.ninapaley.com/2011/07/04/rantifesto/
            (int64 1576972096096223, 'RANTIFESTO – Nina Paley', 'UcQkQTTcp4sO', int64 0, false, @as [])
        https://spin.atomicobject.com/2016/03/27/chip-computer-review/
            (int64 1576972148259141, 'First Impressions of a $9 CHIP Computer', 'OH9V90NoSDvN', int64 0, false, @as [])
        https://www.wrh.noaa.gov/mesowest/timeseries.php?sid=KMSO&num=168&wfo=mso
            (int64 1572111772602701, 'Missoula, Missoula International Airport', 'hLtPkfqosKt9', int64 0, false, ['local', 'missoula', 'montana', 'weather'])
        https://en.wikipedia.org/wiki/The_Immunity_Syndrome_(Star_Trek:_The_Original_Series)
            (int64 1576989841866392, 'The Immunity Syndrome (Star Trek: The Original Series) - Wikipedia', '-Z2gY3IDgYlM', int64 0, false, @as [])
        https://boards.straightdope.com/sdmb/showthread.php?p=21175415#post21175415
            (int64 1576982589813116, "Yet more Catholic priests are rapists? Oh. Say it ain't so. - Page 4 - Straight Dope Message Board", 'PVIcdnFExTtY', int64 0, false, @as [])
        http://issendai.com/wp/psychology/who-becomes-a-sovereign-citizen/
            (int64 1576996769465319, 'Who becomes a sovereign citizen? I sort of know, except when I don’t – Randompedia', 'Je0tVB41MrfH', int64 0, false, @as [])
        https://lwn.net/Articles/451296/
            (int64 1576972100995385, 'Copyright, copyleft, and culture [LWN.net]', 'clvFEr8YMRMN', int64 0, false, @as [])
        https://forecast.weather.gov/MapClick.php?lat=46.8953&lon=-114.0352&lg=english&&FcstType=text
            (int64 1572111685511931, '7-Day Forecast for Latitude 46.89°N and Longitude 114.03°W (Elev. 3209 ft)', '1YoA1xEkkM5E', int64 0, false, ['forecast', 'local', 'missoula', 'montana', 'weather'])
        https://boards.straightdope.com/sdmb/showthread.php?p=21188825#post21188825
            (int64 1576982421916029, 'Was Helen Keller a virgin when she died? - Straight Dope Message Board', 'FcgQrNokbgsO', int64 0, false, @as [])
        http://www.ultimate.com/phil/
            (int64 1576977304584990, 'Phil Budne', 'QV5q52_McS6-', int64 0, false, @as [])
        https://www.snopes.com/fact-check/muslim-community-center/
            (int64 1576972587808387, "Is the 'Ground Zero Mosque' Project Back?", 'EyZzzjtKUVnJ', int64 0, false, @as [])
        https://hackaday.com/2018/04/03/is-this-the-end-for-the-c-h-i-p/
            (int64 1576985800221765, 'Is This The End For The C.H.I.P.? | Hackaday', 'en6w2uZ4y32h', int64 0, false, @as [])
        https://hackaday.com/2019/12/17/linux-fu-stupid-ssh-tricks/
            (int64 1576985920208344, 'Linux Fu: Stupid SSH Tricks | Hackaday', 'IxkciRm7-8Ci', int64 0, false, @as [])
        https://old.reddit.com/r/politics/comments/dqmanb/the_mueller_reports_secret_memos/
            (int64 1576972086964902, 'The Mueller Report’s Secret Memos : politics', 'FYySlvo7hgdp', int64 0, false, @as [])
        file:///home/christopher/foodir2/bkup/sdc1/home/me/great-cpus/s1.html
            (int64 1576972165304637, 'Great Microprocessors of the Past and Present: Before the Great Dark Cloud.', 'MXOhnZ23oBIK', int64 0, false, @as [])
        http://www.os2museum.com/wp/the-cape-cod-disaster/
            (int64 1576972212938671, 'The Cape Cod Disaster | OS/2 Museum', 'RWlSOaFUaNBv', int64 0, false, @as [])
        https://wordandsilence.com/2017/01/21/classic-jam-hits/
            (int64 1576980444056521, 'Classic Jam Hits – Human Pages', 'd-PwYr7nFOKu', int64 0, false, ['art', 'culture'])
        https://news.ycombinator.com/item?id=11371427
            (int64 1576972117955458, 'First Impressions of a $9 CHIP Computer | Hacker News', '0pVRCzX_xRT-', int64 0, false, @as [])
        https://www.snopes.com/ap/2019/12/21/with-no-choice-but-trump-voter-sues-over-minnesota-primary/
            (int64 1576972353686526, 'With No Choice But Trump, Voter Sues Over Minnesota Primary', 'owXWnT3Gxol9', int64 0, false, @as [])
    tags
        culture
        montana
        work
        email
        weather
        missoula
        art
        Favorites
        local
        radio
        forecast
        television

